{"C:\\Users\\schac\\OneDrive\\Documents\\Trakr\\Trakr_repo\\server\\controllers\\epicsController.js": {"path":"C:\\Users\\schac\\OneDrive\\Documents\\Trakr\\Trakr_repo\\server\\controllers\\epicsController.js","statementMap":{"0":{"start":{"line":1,"column":13},"end":{"line":1,"column":29}},"1":{"start":{"line":3,"column":19},"end":{"line":44,"column":1}},"2":{"start":{"line":4,"column":40},"end":{"line":4,"column":48}},"3":{"start":{"line":5,"column":18},"end":{"line":5,"column":32}},"4":{"start":{"line":7,"column":4},"end":{"line":43,"column":5}},"5":{"start":{"line":9,"column":24},"end":{"line":12,"column":7}},"6":{"start":{"line":14,"column":6},"end":{"line":17,"column":7}},"7":{"start":{"line":15,"column":8},"end":{"line":15,"column":59}},"8":{"start":{"line":16,"column":8},"end":{"line":16,"column":15}},"9":{"start":{"line":20,"column":24},"end":{"line":23,"column":7}},"10":{"start":{"line":25,"column":6},"end":{"line":28,"column":7}},"11":{"start":{"line":26,"column":8},"end":{"line":26,"column":52}},"12":{"start":{"line":27,"column":8},"end":{"line":27,"column":15}},"13":{"start":{"line":30,"column":22},"end":{"line":33,"column":7}},"14":{"start":{"line":35,"column":6},"end":{"line":38,"column":7}},"15":{"start":{"line":36,"column":8},"end":{"line":36,"column":49}},"16":{"start":{"line":37,"column":8},"end":{"line":37,"column":15}},"17":{"start":{"line":40,"column":6},"end":{"line":40,"column":44}},"18":{"start":{"line":42,"column":6},"end":{"line":42,"column":51}},"19":{"start":{"line":46,"column":26},"end":{"line":70,"column":1}},"20":{"start":{"line":47,"column":4},"end":{"line":69,"column":5}},"21":{"start":{"line":48,"column":29},"end":{"line":48,"column":39}},"22":{"start":{"line":49,"column":20},"end":{"line":49,"column":34}},"23":{"start":{"line":52,"column":24},"end":{"line":55,"column":7}},"24":{"start":{"line":57,"column":6},"end":{"line":60,"column":7}},"25":{"start":{"line":58,"column":8},"end":{"line":58,"column":59}},"26":{"start":{"line":59,"column":8},"end":{"line":59,"column":15}},"27":{"start":{"line":62,"column":20},"end":{"line":65,"column":7}},"28":{"start":{"line":66,"column":6},"end":{"line":66,"column":27}},"29":{"start":{"line":68,"column":6},"end":{"line":68,"column":51}},"30":{"start":{"line":72,"column":19},"end":{"line":107,"column":1}},"31":{"start":{"line":73,"column":4},"end":{"line":106,"column":5}},"32":{"start":{"line":74,"column":51},"end":{"line":74,"column":59}},"33":{"start":{"line":75,"column":20},"end":{"line":75,"column":34}},"34":{"start":{"line":78,"column":24},"end":{"line":81,"column":7}},"35":{"start":{"line":83,"column":6},"end":{"line":86,"column":7}},"36":{"start":{"line":84,"column":8},"end":{"line":84,"column":59}},"37":{"start":{"line":85,"column":8},"end":{"line":85,"column":15}},"38":{"start":{"line":89,"column":24},"end":{"line":92,"column":7}},"39":{"start":{"line":94,"column":6},"end":{"line":97,"column":7}},"40":{"start":{"line":95,"column":8},"end":{"line":95,"column":52}},"41":{"start":{"line":96,"column":8},"end":{"line":96,"column":15}},"42":{"start":{"line":99,"column":26},"end":{"line":102,"column":7}},"43":{"start":{"line":103,"column":6},"end":{"line":103,"column":48}},"44":{"start":{"line":105,"column":6},"end":{"line":105,"column":51}},"45":{"start":{"line":109,"column":19},"end":{"line":133,"column":1}},"46":{"start":{"line":110,"column":4},"end":{"line":132,"column":5}},"47":{"start":{"line":111,"column":38},"end":{"line":111,"column":46}},"48":{"start":{"line":112,"column":20},"end":{"line":112,"column":34}},"49":{"start":{"line":115,"column":24},"end":{"line":118,"column":7}},"50":{"start":{"line":120,"column":6},"end":{"line":123,"column":7}},"51":{"start":{"line":121,"column":8},"end":{"line":121,"column":59}},"52":{"start":{"line":122,"column":8},"end":{"line":122,"column":15}},"53":{"start":{"line":125,"column":6},"end":{"line":128,"column":8}},"54":{"start":{"line":129,"column":6},"end":{"line":129,"column":48}},"55":{"start":{"line":131,"column":6},"end":{"line":131,"column":51}},"56":{"start":{"line":135,"column":0},"end":{"line":135,"column":75}}},"fnMap":{"0":{"name":"(anonymous_0)","decl":{"start":{"line":3,"column":19},"end":{"line":3,"column":20}},"loc":{"start":{"line":3,"column":39},"end":{"line":44,"column":1}},"line":3},"1":{"name":"(anonymous_1)","decl":{"start":{"line":46,"column":26},"end":{"line":46,"column":27}},"loc":{"start":{"line":46,"column":46},"end":{"line":70,"column":1}},"line":46},"2":{"name":"(anonymous_2)","decl":{"start":{"line":72,"column":19},"end":{"line":72,"column":20}},"loc":{"start":{"line":72,"column":39},"end":{"line":107,"column":1}},"line":72},"3":{"name":"(anonymous_3)","decl":{"start":{"line":109,"column":19},"end":{"line":109,"column":20}},"loc":{"start":{"line":109,"column":39},"end":{"line":133,"column":1}},"line":109}},"branchMap":{"0":{"loc":{"start":{"line":14,"column":6},"end":{"line":17,"column":7}},"type":"if","locations":[{"start":{"line":14,"column":6},"end":{"line":17,"column":7}},{"start":{},"end":{}}],"line":14},"1":{"loc":{"start":{"line":25,"column":6},"end":{"line":28,"column":7}},"type":"if","locations":[{"start":{"line":25,"column":6},"end":{"line":28,"column":7}},{"start":{},"end":{}}],"line":25},"2":{"loc":{"start":{"line":35,"column":6},"end":{"line":38,"column":7}},"type":"if","locations":[{"start":{"line":35,"column":6},"end":{"line":38,"column":7}},{"start":{},"end":{}}],"line":35},"3":{"loc":{"start":{"line":57,"column":6},"end":{"line":60,"column":7}},"type":"if","locations":[{"start":{"line":57,"column":6},"end":{"line":60,"column":7}},{"start":{},"end":{}}],"line":57},"4":{"loc":{"start":{"line":83,"column":6},"end":{"line":86,"column":7}},"type":"if","locations":[{"start":{"line":83,"column":6},"end":{"line":86,"column":7}},{"start":{},"end":{}}],"line":83},"5":{"loc":{"start":{"line":94,"column":6},"end":{"line":97,"column":7}},"type":"if","locations":[{"start":{"line":94,"column":6},"end":{"line":97,"column":7}},{"start":{},"end":{}}],"line":94},"6":{"loc":{"start":{"line":120,"column":6},"end":{"line":123,"column":7}},"type":"if","locations":[{"start":{"line":120,"column":6},"end":{"line":123,"column":7}},{"start":{},"end":{}}],"line":120}},"s":{"0":1,"1":1,"2":4,"3":4,"4":4,"5":4,"6":3,"7":1,"8":1,"9":2,"10":2,"11":1,"12":1,"13":1,"14":1,"15":0,"16":0,"17":1,"18":1,"19":1,"20":3,"21":3,"22":3,"23":3,"24":2,"25":1,"26":1,"27":1,"28":1,"29":1,"30":1,"31":4,"32":4,"33":4,"34":4,"35":3,"36":1,"37":1,"38":2,"39":2,"40":1,"41":1,"42":1,"43":1,"44":1,"45":1,"46":3,"47":3,"48":3,"49":3,"50":2,"51":1,"52":1,"53":1,"54":1,"55":1,"56":1},"f":{"0":4,"1":3,"2":4,"3":3},"b":{"0":[1,2],"1":[1,1],"2":[0,1],"3":[1,1],"4":[1,2],"5":[1,1],"6":[1,1]},"_coverageSchema":"1a1c01bbd47fc00a2c39e90264f33305004495a9","hash":"b81ffe75c2468e039cd379db71ede5d4ebfae02d"}
,"C:\\Users\\schac\\OneDrive\\Documents\\Trakr\\Trakr_repo\\server\\controllers\\projectsController.js": {"path":"C:\\Users\\schac\\OneDrive\\Documents\\Trakr\\Trakr_repo\\server\\controllers\\projectsController.js","statementMap":{"0":{"start":{"line":1,"column":13},"end":{"line":1,"column":29}},"1":{"start":{"line":2,"column":28},"end":{"line":2,"column":53}},"2":{"start":{"line":3,"column":12},"end":{"line":3,"column":35}},"3":{"start":{"line":5,"column":22},"end":{"line":33,"column":1}},"4":{"start":{"line":6,"column":4},"end":{"line":30,"column":5}},"5":{"start":{"line":7,"column":23},"end":{"line":7,"column":31}},"6":{"start":{"line":8,"column":20},"end":{"line":8,"column":34}},"7":{"start":{"line":9,"column":26},"end":{"line":9,"column":27}},"8":{"start":{"line":12,"column":24},"end":{"line":15,"column":7}},"9":{"start":{"line":16,"column":6},"end":{"line":19,"column":7}},"10":{"start":{"line":17,"column":8},"end":{"line":17,"column":47}},"11":{"start":{"line":18,"column":8},"end":{"line":18,"column":15}},"12":{"start":{"line":22,"column":25},"end":{"line":25,"column":7}},"13":{"start":{"line":27,"column":6},"end":{"line":27,"column":47}},"14":{"start":{"line":29,"column":6},"end":{"line":29,"column":51}},"15":{"start":{"line":32,"column":4},"end":{"line":32,"column":11}},"16":{"start":{"line":35,"column":25},"end":{"line":47,"column":1}},"17":{"start":{"line":36,"column":4},"end":{"line":46,"column":5}},"18":{"start":{"line":37,"column":20},"end":{"line":37,"column":34}},"19":{"start":{"line":39,"column":26},"end":{"line":42,"column":7}},"20":{"start":{"line":43,"column":6},"end":{"line":43,"column":33}},"21":{"start":{"line":45,"column":6},"end":{"line":45,"column":51}},"22":{"start":{"line":49,"column":23},"end":{"line":65,"column":1}},"23":{"start":{"line":50,"column":4},"end":{"line":64,"column":5}},"24":{"start":{"line":51,"column":20},"end":{"line":51,"column":34}},"25":{"start":{"line":52,"column":29},"end":{"line":52,"column":39}},"26":{"start":{"line":53,"column":22},"end":{"line":56,"column":7}},"27":{"start":{"line":57,"column":6},"end":{"line":60,"column":7}},"28":{"start":{"line":58,"column":8},"end":{"line":58,"column":50}},"29":{"start":{"line":59,"column":8},"end":{"line":59,"column":15}},"30":{"start":{"line":61,"column":6},"end":{"line":61,"column":32}},"31":{"start":{"line":63,"column":6},"end":{"line":63,"column":51}},"32":{"start":{"line":67,"column":22},"end":{"line":111,"column":1}},"33":{"start":{"line":68,"column":4},"end":{"line":110,"column":5}},"34":{"start":{"line":69,"column":29},"end":{"line":69,"column":39}},"35":{"start":{"line":70,"column":20},"end":{"line":70,"column":34}},"36":{"start":{"line":73,"column":24},"end":{"line":76,"column":7}},"37":{"start":{"line":78,"column":6},"end":{"line":81,"column":8}},"38":{"start":{"line":83,"column":6},"end":{"line":107,"column":7}},"39":{"start":{"line":85,"column":23},"end":{"line":85,"column":43}},"40":{"start":{"line":87,"column":8},"end":{"line":102,"column":9}},"41":{"start":{"line":88,"column":10},"end":{"line":88,"column":38}},"42":{"start":{"line":90,"column":10},"end":{"line":90,"column":88}},"43":{"start":{"line":91,"column":10},"end":{"line":91,"column":86}},"44":{"start":{"line":92,"column":10},"end":{"line":92,"column":85}},"45":{"start":{"line":93,"column":10},"end":{"line":93,"column":86}},"46":{"start":{"line":94,"column":10},"end":{"line":94,"column":89}},"47":{"start":{"line":96,"column":10},"end":{"line":96,"column":39}},"48":{"start":{"line":98,"column":10},"end":{"line":98,"column":41}},"49":{"start":{"line":99,"column":10},"end":{"line":99,"column":22}},"50":{"start":{"line":101,"column":10},"end":{"line":101,"column":27}},"51":{"start":{"line":104,"column":8},"end":{"line":104,"column":53}},"52":{"start":{"line":106,"column":8},"end":{"line":106,"column":59}},"53":{"start":{"line":109,"column":6},"end":{"line":109,"column":51}},"54":{"start":{"line":113,"column":21},"end":{"line":164,"column":1}},"55":{"start":{"line":114,"column":4},"end":{"line":163,"column":5}},"56":{"start":{"line":115,"column":29},"end":{"line":115,"column":39}},"57":{"start":{"line":116,"column":20},"end":{"line":116,"column":34}},"58":{"start":{"line":119,"column":24},"end":{"line":122,"column":7}},"59":{"start":{"line":124,"column":6},"end":{"line":160,"column":7}},"60":{"start":{"line":125,"column":27},"end":{"line":125,"column":56}},"61":{"start":{"line":126,"column":8},"end":{"line":129,"column":10}},"62":{"start":{"line":132,"column":8},"end":{"line":135,"column":10}},"63":{"start":{"line":138,"column":8},"end":{"line":141,"column":10}},"64":{"start":{"line":144,"column":24},"end":{"line":147,"column":9}},"65":{"start":{"line":149,"column":24},"end":{"line":149,"column":75}},"66":{"start":{"line":149,"column":52},"end":{"line":149,"column":74}},"67":{"start":{"line":150,"column":8},"end":{"line":155,"column":9}},"68":{"start":{"line":151,"column":10},"end":{"line":154,"column":12}},"69":{"start":{"line":157,"column":8},"end":{"line":157,"column":53}},"70":{"start":{"line":159,"column":8},"end":{"line":159,"column":59}},"71":{"start":{"line":162,"column":6},"end":{"line":162,"column":51}},"72":{"start":{"line":166,"column":30},"end":{"line":223,"column":1}},"73":{"start":{"line":167,"column":2},"end":{"line":222,"column":3}},"74":{"start":{"line":168,"column":34},"end":{"line":168,"column":42}},"75":{"start":{"line":169,"column":21},"end":{"line":169,"column":35}},"76":{"start":{"line":172,"column":22},"end":{"line":175,"column":5}},"77":{"start":{"line":177,"column":4},"end":{"line":219,"column":5}},"78":{"start":{"line":179,"column":6},"end":{"line":216,"column":7}},"79":{"start":{"line":181,"column":8},"end":{"line":184,"column":10}},"80":{"start":{"line":183,"column":56},"end":{"line":183,"column":70}},"81":{"start":{"line":187,"column":22},"end":{"line":190,"column":9}},"82":{"start":{"line":192,"column":8},"end":{"line":195,"column":9}},"83":{"start":{"line":193,"column":10},"end":{"line":193,"column":49}},"84":{"start":{"line":194,"column":10},"end":{"line":194,"column":17}},"85":{"start":{"line":197,"column":8},"end":{"line":200,"column":10}},"86":{"start":{"line":199,"column":52},"end":{"line":199,"column":66}},"87":{"start":{"line":203,"column":21},"end":{"line":206,"column":9}},"88":{"start":{"line":207,"column":8},"end":{"line":212,"column":9}},"89":{"start":{"line":208,"column":10},"end":{"line":211,"column":12}},"90":{"start":{"line":213,"column":8},"end":{"line":213,"column":66}},"91":{"start":{"line":215,"column":8},"end":{"line":215,"column":59}},"92":{"start":{"line":218,"column":6},"end":{"line":218,"column":57}},"93":{"start":{"line":221,"column":4},"end":{"line":221,"column":49}},"94":{"start":{"line":225,"column":24},"end":{"line":269,"column":1}},"95":{"start":{"line":226,"column":2},"end":{"line":268,"column":3}},"96":{"start":{"line":227,"column":44},"end":{"line":227,"column":52}},"97":{"start":{"line":228,"column":22},"end":{"line":228,"column":30}},"98":{"start":{"line":231,"column":20},"end":{"line":234,"column":5}},"99":{"start":{"line":235,"column":4},"end":{"line":238,"column":5}},"100":{"start":{"line":236,"column":6},"end":{"line":236,"column":61}},"101":{"start":{"line":237,"column":6},"end":{"line":237,"column":13}},"102":{"start":{"line":241,"column":4},"end":{"line":244,"column":5}},"103":{"start":{"line":242,"column":6},"end":{"line":242,"column":70}},"104":{"start":{"line":243,"column":6},"end":{"line":243,"column":13}},"105":{"start":{"line":247,"column":4},"end":{"line":250,"column":5}},"106":{"start":{"line":248,"column":6},"end":{"line":248,"column":74}},"107":{"start":{"line":249,"column":6},"end":{"line":249,"column":13}},"108":{"start":{"line":253,"column":22},"end":{"line":256,"column":5}},"109":{"start":{"line":257,"column":4},"end":{"line":260,"column":5}},"110":{"start":{"line":258,"column":6},"end":{"line":258,"column":83}},"111":{"start":{"line":259,"column":6},"end":{"line":259,"column":13}},"112":{"start":{"line":263,"column":4},"end":{"line":265,"column":66}},"113":{"start":{"line":264,"column":24},"end":{"line":264,"column":73}},"114":{"start":{"line":265,"column":20},"end":{"line":265,"column":64}},"115":{"start":{"line":267,"column":4},"end":{"line":267,"column":38}},"116":{"start":{"line":271,"column":20},"end":{"line":325,"column":1}},"117":{"start":{"line":272,"column":2},"end":{"line":324,"column":3}},"118":{"start":{"line":273,"column":22},"end":{"line":273,"column":32}},"119":{"start":{"line":274,"column":4},"end":{"line":320,"column":7}},"120":{"start":{"line":275,"column":6},"end":{"line":278,"column":7}},"121":{"start":{"line":276,"column":8},"end":{"line":276,"column":59}},"122":{"start":{"line":277,"column":8},"end":{"line":277,"column":15}},"123":{"start":{"line":280,"column":36},"end":{"line":280,"column":48}},"124":{"start":{"line":283,"column":22},"end":{"line":286,"column":7}},"125":{"start":{"line":287,"column":6},"end":{"line":290,"column":7}},"126":{"start":{"line":288,"column":8},"end":{"line":288,"column":63}},"127":{"start":{"line":289,"column":8},"end":{"line":289,"column":15}},"128":{"start":{"line":293,"column":6},"end":{"line":296,"column":7}},"129":{"start":{"line":294,"column":8},"end":{"line":294,"column":76}},"130":{"start":{"line":295,"column":8},"end":{"line":295,"column":15}},"131":{"start":{"line":299,"column":6},"end":{"line":302,"column":8}},"132":{"start":{"line":305,"column":26},"end":{"line":308,"column":7}},"133":{"start":{"line":309,"column":6},"end":{"line":312,"column":7}},"134":{"start":{"line":310,"column":8},"end":{"line":310,"column":68}},"135":{"start":{"line":311,"column":8},"end":{"line":311,"column":15}},"136":{"start":{"line":314,"column":6},"end":{"line":317,"column":8}},"137":{"start":{"line":319,"column":6},"end":{"line":319,"column":73}},"138":{"start":{"line":323,"column":4},"end":{"line":323,"column":36}},"139":{"start":{"line":327,"column":0},"end":{"line":327,"column":151}}},"fnMap":{"0":{"name":"(anonymous_0)","decl":{"start":{"line":5,"column":22},"end":{"line":5,"column":23}},"loc":{"start":{"line":5,"column":42},"end":{"line":33,"column":1}},"line":5},"1":{"name":"(anonymous_1)","decl":{"start":{"line":35,"column":25},"end":{"line":35,"column":26}},"loc":{"start":{"line":35,"column":45},"end":{"line":47,"column":1}},"line":35},"2":{"name":"(anonymous_2)","decl":{"start":{"line":49,"column":23},"end":{"line":49,"column":24}},"loc":{"start":{"line":49,"column":43},"end":{"line":65,"column":1}},"line":49},"3":{"name":"(anonymous_3)","decl":{"start":{"line":67,"column":22},"end":{"line":67,"column":23}},"loc":{"start":{"line":67,"column":42},"end":{"line":111,"column":1}},"line":67},"4":{"name":"(anonymous_4)","decl":{"start":{"line":113,"column":21},"end":{"line":113,"column":22}},"loc":{"start":{"line":113,"column":41},"end":{"line":164,"column":1}},"line":113},"5":{"name":"(anonymous_5)","decl":{"start":{"line":149,"column":42},"end":{"line":149,"column":43}},"loc":{"start":{"line":149,"column":52},"end":{"line":149,"column":74}},"line":149},"6":{"name":"(anonymous_6)","decl":{"start":{"line":166,"column":30},"end":{"line":166,"column":31}},"loc":{"start":{"line":166,"column":50},"end":{"line":223,"column":1}},"line":166},"7":{"name":"(anonymous_7)","decl":{"start":{"line":183,"column":48},"end":{"line":183,"column":49}},"loc":{"start":{"line":183,"column":56},"end":{"line":183,"column":70}},"line":183},"8":{"name":"(anonymous_8)","decl":{"start":{"line":199,"column":44},"end":{"line":199,"column":45}},"loc":{"start":{"line":199,"column":52},"end":{"line":199,"column":66}},"line":199},"9":{"name":"(anonymous_9)","decl":{"start":{"line":225,"column":24},"end":{"line":225,"column":25}},"loc":{"start":{"line":225,"column":44},"end":{"line":269,"column":1}},"line":225},"10":{"name":"(anonymous_10)","decl":{"start":{"line":264,"column":10},"end":{"line":264,"column":11}},"loc":{"start":{"line":264,"column":24},"end":{"line":264,"column":73}},"line":264},"11":{"name":"(anonymous_11)","decl":{"start":{"line":265,"column":11},"end":{"line":265,"column":12}},"loc":{"start":{"line":265,"column":20},"end":{"line":265,"column":64}},"line":265},"12":{"name":"(anonymous_12)","decl":{"start":{"line":271,"column":20},"end":{"line":271,"column":21}},"loc":{"start":{"line":271,"column":40},"end":{"line":325,"column":1}},"line":271},"13":{"name":"(anonymous_13)","decl":{"start":{"line":274,"column":46},"end":{"line":274,"column":47}},"loc":{"start":{"line":274,"column":75},"end":{"line":320,"column":5}},"line":274}},"branchMap":{"0":{"loc":{"start":{"line":16,"column":6},"end":{"line":19,"column":7}},"type":"if","locations":[{"start":{"line":16,"column":6},"end":{"line":19,"column":7}},{"start":{},"end":{}}],"line":16},"1":{"loc":{"start":{"line":57,"column":6},"end":{"line":60,"column":7}},"type":"if","locations":[{"start":{"line":57,"column":6},"end":{"line":60,"column":7}},{"start":{},"end":{}}],"line":57},"2":{"loc":{"start":{"line":83,"column":6},"end":{"line":107,"column":7}},"type":"if","locations":[{"start":{"line":83,"column":6},"end":{"line":107,"column":7}},{"start":{"line":105,"column":13},"end":{"line":107,"column":7}}],"line":83},"3":{"loc":{"start":{"line":124,"column":6},"end":{"line":160,"column":7}},"type":"if","locations":[{"start":{"line":124,"column":6},"end":{"line":160,"column":7}},{"start":{"line":158,"column":13},"end":{"line":160,"column":7}}],"line":124},"4":{"loc":{"start":{"line":150,"column":8},"end":{"line":155,"column":9}},"type":"if","locations":[{"start":{"line":150,"column":8},"end":{"line":155,"column":9}},{"start":{},"end":{}}],"line":150},"5":{"loc":{"start":{"line":177,"column":4},"end":{"line":219,"column":5}},"type":"if","locations":[{"start":{"line":177,"column":4},"end":{"line":219,"column":5}},{"start":{"line":217,"column":11},"end":{"line":219,"column":5}}],"line":177},"6":{"loc":{"start":{"line":179,"column":6},"end":{"line":216,"column":7}},"type":"if","locations":[{"start":{"line":179,"column":6},"end":{"line":216,"column":7}},{"start":{"line":214,"column":13},"end":{"line":216,"column":7}}],"line":179},"7":{"loc":{"start":{"line":192,"column":8},"end":{"line":195,"column":9}},"type":"if","locations":[{"start":{"line":192,"column":8},"end":{"line":195,"column":9}},{"start":{},"end":{}}],"line":192},"8":{"loc":{"start":{"line":207,"column":8},"end":{"line":212,"column":9}},"type":"if","locations":[{"start":{"line":207,"column":8},"end":{"line":212,"column":9}},{"start":{},"end":{}}],"line":207},"9":{"loc":{"start":{"line":235,"column":4},"end":{"line":238,"column":5}},"type":"if","locations":[{"start":{"line":235,"column":4},"end":{"line":238,"column":5}},{"start":{},"end":{}}],"line":235},"10":{"loc":{"start":{"line":241,"column":4},"end":{"line":244,"column":5}},"type":"if","locations":[{"start":{"line":241,"column":4},"end":{"line":244,"column":5}},{"start":{},"end":{}}],"line":241},"11":{"loc":{"start":{"line":247,"column":4},"end":{"line":250,"column":5}},"type":"if","locations":[{"start":{"line":247,"column":4},"end":{"line":250,"column":5}},{"start":{},"end":{}}],"line":247},"12":{"loc":{"start":{"line":257,"column":4},"end":{"line":260,"column":5}},"type":"if","locations":[{"start":{"line":257,"column":4},"end":{"line":260,"column":5}},{"start":{},"end":{}}],"line":257},"13":{"loc":{"start":{"line":275,"column":6},"end":{"line":278,"column":7}},"type":"if","locations":[{"start":{"line":275,"column":6},"end":{"line":278,"column":7}},{"start":{},"end":{}}],"line":275},"14":{"loc":{"start":{"line":287,"column":6},"end":{"line":290,"column":7}},"type":"if","locations":[{"start":{"line":287,"column":6},"end":{"line":290,"column":7}},{"start":{},"end":{}}],"line":287},"15":{"loc":{"start":{"line":293,"column":6},"end":{"line":296,"column":7}},"type":"if","locations":[{"start":{"line":293,"column":6},"end":{"line":296,"column":7}},{"start":{},"end":{}}],"line":293},"16":{"loc":{"start":{"line":309,"column":6},"end":{"line":312,"column":7}},"type":"if","locations":[{"start":{"line":309,"column":6},"end":{"line":312,"column":7}},{"start":{},"end":{}}],"line":309}},"s":{"0":1,"1":1,"2":1,"3":1,"4":3,"5":3,"6":3,"7":3,"8":3,"9":2,"10":1,"11":1,"12":1,"13":1,"14":1,"15":2,"16":1,"17":2,"18":2,"19":2,"20":1,"21":1,"22":1,"23":3,"24":3,"25":3,"26":3,"27":2,"28":1,"29":1,"30":1,"31":1,"32":1,"33":3,"34":3,"35":2,"36":2,"37":2,"38":2,"39":1,"40":1,"41":1,"42":1,"43":1,"44":1,"45":1,"46":1,"47":1,"48":0,"49":0,"50":1,"51":1,"52":1,"53":1,"54":1,"55":3,"56":3,"57":3,"58":3,"59":2,"60":1,"61":1,"62":1,"63":1,"64":1,"65":1,"66":1,"67":1,"68":0,"69":1,"70":1,"71":1,"72":1,"73":0,"74":0,"75":0,"76":0,"77":0,"78":0,"79":0,"80":0,"81":0,"82":0,"83":0,"84":0,"85":0,"86":0,"87":0,"88":0,"89":0,"90":0,"91":0,"92":0,"93":0,"94":1,"95":0,"96":0,"97":0,"98":0,"99":0,"100":0,"101":0,"102":0,"103":0,"104":0,"105":0,"106":0,"107":0,"108":0,"109":0,"110":0,"111":0,"112":0,"113":0,"114":0,"115":0,"116":1,"117":0,"118":0,"119":0,"120":0,"121":0,"122":0,"123":0,"124":0,"125":0,"126":0,"127":0,"128":0,"129":0,"130":0,"131":0,"132":0,"133":0,"134":0,"135":0,"136":0,"137":0,"138":0,"139":1},"f":{"0":3,"1":2,"2":3,"3":3,"4":3,"5":1,"6":0,"7":0,"8":0,"9":0,"10":0,"11":0,"12":0,"13":0},"b":{"0":[1,1],"1":[1,1],"2":[1,1],"3":[1,1],"4":[0,1],"5":[0,0],"6":[0,0],"7":[0,0],"8":[0,0],"9":[0,0],"10":[0,0],"11":[0,0],"12":[0,0],"13":[0,0],"14":[0,0],"15":[0,0],"16":[0,0]},"_coverageSchema":"1a1c01bbd47fc00a2c39e90264f33305004495a9","hash":"573e2a59349478d0366e2979836181e7f744d46f"}
,"C:\\Users\\schac\\OneDrive\\Documents\\Trakr\\Trakr_repo\\server\\controllers\\ticketsController.js": {"path":"C:\\Users\\schac\\OneDrive\\Documents\\Trakr\\Trakr_repo\\server\\controllers\\ticketsController.js","statementMap":{"0":{"start":{"line":1,"column":13},"end":{"line":1,"column":29}},"1":{"start":{"line":3,"column":21},"end":{"line":31,"column":1}},"2":{"start":{"line":4,"column":4},"end":{"line":30,"column":7}},"3":{"start":{"line":5,"column":139},"end":{"line":5,"column":147}},"4":{"start":{"line":6,"column":25},"end":{"line":6,"column":39}},"5":{"start":{"line":8,"column":26},"end":{"line":11,"column":9}},"6":{"start":{"line":14,"column":24},"end":{"line":17,"column":9}},"7":{"start":{"line":19,"column":24},"end":{"line":19,"column":80}},"8":{"start":{"line":19,"column":52},"end":{"line":19,"column":79}},"9":{"start":{"line":20,"column":8},"end":{"line":25,"column":9}},"10":{"start":{"line":21,"column":10},"end":{"line":24,"column":12}},"11":{"start":{"line":27,"column":8},"end":{"line":27,"column":48}},"12":{"start":{"line":29,"column":8},"end":{"line":29,"column":53}},"13":{"start":{"line":33,"column":30},"end":{"line":45,"column":1}},"14":{"start":{"line":34,"column":2},"end":{"line":44,"column":3}},"15":{"start":{"line":35,"column":27},"end":{"line":35,"column":37}},"16":{"start":{"line":36,"column":22},"end":{"line":36,"column":31}},"17":{"start":{"line":37,"column":23},"end":{"line":40,"column":5}},"18":{"start":{"line":41,"column":4},"end":{"line":41,"column":30}},"19":{"start":{"line":43,"column":4},"end":{"line":43,"column":49}},"20":{"start":{"line":47,"column":22},"end":{"line":63,"column":1}},"21":{"start":{"line":48,"column":2},"end":{"line":62,"column":3}},"22":{"start":{"line":49,"column":19},"end":{"line":49,"column":29}},"23":{"start":{"line":50,"column":19},"end":{"line":53,"column":5}},"24":{"start":{"line":54,"column":4},"end":{"line":57,"column":5}},"25":{"start":{"line":55,"column":6},"end":{"line":55,"column":47}},"26":{"start":{"line":56,"column":6},"end":{"line":56,"column":13}},"27":{"start":{"line":59,"column":4},"end":{"line":59,"column":41}},"28":{"start":{"line":61,"column":4},"end":{"line":61,"column":45}},"29":{"start":{"line":65,"column":21},"end":{"line":114,"column":1}},"30":{"start":{"line":66,"column":2},"end":{"line":113,"column":3}},"31":{"start":{"line":67,"column":19},"end":{"line":67,"column":29}},"32":{"start":{"line":68,"column":135},"end":{"line":68,"column":143}},"33":{"start":{"line":71,"column":22},"end":{"line":74,"column":5}},"34":{"start":{"line":76,"column":4},"end":{"line":79,"column":5}},"35":{"start":{"line":77,"column":6},"end":{"line":77,"column":47}},"36":{"start":{"line":78,"column":6},"end":{"line":78,"column":13}},"37":{"start":{"line":81,"column":4},"end":{"line":103,"column":5}},"38":{"start":{"line":83,"column":22},"end":{"line":86,"column":7}},"39":{"start":{"line":88,"column":21},"end":{"line":88,"column":95}},"40":{"start":{"line":88,"column":49},"end":{"line":88,"column":94}},"41":{"start":{"line":89,"column":6},"end":{"line":94,"column":7}},"42":{"start":{"line":90,"column":8},"end":{"line":93,"column":10}},"43":{"start":{"line":96,"column":21},"end":{"line":96,"column":77}},"44":{"start":{"line":96,"column":49},"end":{"line":96,"column":76}},"45":{"start":{"line":97,"column":6},"end":{"line":102,"column":7}},"46":{"start":{"line":98,"column":8},"end":{"line":101,"column":10}},"47":{"start":{"line":105,"column":25},"end":{"line":108,"column":5}},"48":{"start":{"line":110,"column":4},"end":{"line":110,"column":35}},"49":{"start":{"line":112,"column":6},"end":{"line":112,"column":51}},"50":{"start":{"line":117,"column":21},"end":{"line":154,"column":1}},"51":{"start":{"line":118,"column":2},"end":{"line":153,"column":3}},"52":{"start":{"line":119,"column":19},"end":{"line":119,"column":29}},"53":{"start":{"line":122,"column":22},"end":{"line":125,"column":5}},"54":{"start":{"line":127,"column":4},"end":{"line":130,"column":5}},"55":{"start":{"line":128,"column":6},"end":{"line":128,"column":47}},"56":{"start":{"line":129,"column":6},"end":{"line":129,"column":13}},"57":{"start":{"line":133,"column":20},"end":{"line":136,"column":5}},"58":{"start":{"line":138,"column":19},"end":{"line":138,"column":93}},"59":{"start":{"line":138,"column":47},"end":{"line":138,"column":92}},"60":{"start":{"line":139,"column":4},"end":{"line":144,"column":5}},"61":{"start":{"line":140,"column":6},"end":{"line":143,"column":8}},"62":{"start":{"line":146,"column":4},"end":{"line":149,"column":6}},"63":{"start":{"line":150,"column":4},"end":{"line":150,"column":36}},"64":{"start":{"line":152,"column":4},"end":{"line":152,"column":49}},"65":{"start":{"line":156,"column":0},"end":{"line":156,"column":100}}},"fnMap":{"0":{"name":"(anonymous_0)","decl":{"start":{"line":3,"column":21},"end":{"line":3,"column":22}},"loc":{"start":{"line":3,"column":41},"end":{"line":31,"column":1}},"line":3},"1":{"name":"(anonymous_1)","decl":{"start":{"line":19,"column":42},"end":{"line":19,"column":43}},"loc":{"start":{"line":19,"column":52},"end":{"line":19,"column":79}},"line":19},"2":{"name":"(anonymous_2)","decl":{"start":{"line":33,"column":30},"end":{"line":33,"column":31}},"loc":{"start":{"line":33,"column":50},"end":{"line":45,"column":1}},"line":33},"3":{"name":"(anonymous_3)","decl":{"start":{"line":47,"column":22},"end":{"line":47,"column":23}},"loc":{"start":{"line":47,"column":42},"end":{"line":63,"column":1}},"line":47},"4":{"name":"(anonymous_4)","decl":{"start":{"line":65,"column":21},"end":{"line":65,"column":22}},"loc":{"start":{"line":65,"column":41},"end":{"line":114,"column":1}},"line":65},"5":{"name":"(anonymous_5)","decl":{"start":{"line":88,"column":39},"end":{"line":88,"column":40}},"loc":{"start":{"line":88,"column":49},"end":{"line":88,"column":94}},"line":88},"6":{"name":"(anonymous_6)","decl":{"start":{"line":96,"column":39},"end":{"line":96,"column":40}},"loc":{"start":{"line":96,"column":49},"end":{"line":96,"column":76}},"line":96},"7":{"name":"(anonymous_7)","decl":{"start":{"line":117,"column":21},"end":{"line":117,"column":22}},"loc":{"start":{"line":117,"column":41},"end":{"line":154,"column":1}},"line":117},"8":{"name":"(anonymous_8)","decl":{"start":{"line":138,"column":37},"end":{"line":138,"column":38}},"loc":{"start":{"line":138,"column":47},"end":{"line":138,"column":92}},"line":138}},"branchMap":{"0":{"loc":{"start":{"line":20,"column":8},"end":{"line":25,"column":9}},"type":"if","locations":[{"start":{"line":20,"column":8},"end":{"line":25,"column":9}},{"start":{},"end":{}}],"line":20},"1":{"loc":{"start":{"line":54,"column":4},"end":{"line":57,"column":5}},"type":"if","locations":[{"start":{"line":54,"column":4},"end":{"line":57,"column":5}},{"start":{},"end":{}}],"line":54},"2":{"loc":{"start":{"line":76,"column":4},"end":{"line":79,"column":5}},"type":"if","locations":[{"start":{"line":76,"column":4},"end":{"line":79,"column":5}},{"start":{},"end":{}}],"line":76},"3":{"loc":{"start":{"line":81,"column":4},"end":{"line":103,"column":5}},"type":"if","locations":[{"start":{"line":81,"column":4},"end":{"line":103,"column":5}},{"start":{},"end":{}}],"line":81},"4":{"loc":{"start":{"line":89,"column":6},"end":{"line":94,"column":7}},"type":"if","locations":[{"start":{"line":89,"column":6},"end":{"line":94,"column":7}},{"start":{},"end":{}}],"line":89},"5":{"loc":{"start":{"line":97,"column":6},"end":{"line":102,"column":7}},"type":"if","locations":[{"start":{"line":97,"column":6},"end":{"line":102,"column":7}},{"start":{},"end":{}}],"line":97},"6":{"loc":{"start":{"line":127,"column":4},"end":{"line":130,"column":5}},"type":"if","locations":[{"start":{"line":127,"column":4},"end":{"line":130,"column":5}},{"start":{},"end":{}}],"line":127},"7":{"loc":{"start":{"line":139,"column":4},"end":{"line":144,"column":5}},"type":"if","locations":[{"start":{"line":139,"column":4},"end":{"line":144,"column":5}},{"start":{},"end":{}}],"line":139}},"s":{"0":1,"1":1,"2":2,"3":2,"4":2,"5":2,"6":1,"7":1,"8":1,"9":1,"10":1,"11":1,"12":1,"13":1,"14":2,"15":2,"16":2,"17":2,"18":1,"19":1,"20":1,"21":3,"22":3,"23":3,"24":2,"25":1,"26":1,"27":1,"28":1,"29":1,"30":3,"31":3,"32":3,"33":3,"34":2,"35":1,"36":1,"37":1,"38":1,"39":1,"40":1,"41":1,"42":1,"43":1,"44":2,"45":1,"46":1,"47":1,"48":1,"49":2,"50":1,"51":3,"52":3,"53":3,"54":2,"55":1,"56":1,"57":1,"58":1,"59":1,"60":1,"61":1,"62":1,"63":1,"64":1,"65":1},"f":{"0":2,"1":1,"2":2,"3":3,"4":3,"5":1,"6":2,"7":3,"8":1},"b":{"0":[1,0],"1":[1,1],"2":[1,1],"3":[1,0],"4":[1,0],"5":[1,0],"6":[1,1],"7":[1,0]},"_coverageSchema":"1a1c01bbd47fc00a2c39e90264f33305004495a9","hash":"4c23e5f245f7428b59a15cde579a6e921599f844"}
,"C:\\Users\\schac\\OneDrive\\Documents\\Trakr\\Trakr_repo\\server\\utils\\email.js": {"path":"C:\\Users\\schac\\OneDrive\\Documents\\Trakr\\Trakr_repo\\server\\utils\\email.js","statementMap":{"0":{"start":{"line":1,"column":13},"end":{"line":1,"column":29}},"1":{"start":{"line":2,"column":19},"end":{"line":2,"column":40}},"2":{"start":{"line":3,"column":12},"end":{"line":3,"column":35}},"3":{"start":{"line":4,"column":0},"end":{"line":4,"column":18}},"4":{"start":{"line":7,"column":4},"end":{"line":56,"column":7}},"5":{"start":{"line":8,"column":24},"end":{"line":14,"column":8}},"6":{"start":{"line":17,"column":27},"end":{"line":48,"column":7}},"7":{"start":{"line":49,"column":6},"end":{"line":55,"column":9}},"8":{"start":{"line":50,"column":8},"end":{"line":53,"column":9}},"9":{"start":{"line":51,"column":10},"end":{"line":51,"column":29}},"10":{"start":{"line":52,"column":10},"end":{"line":52,"column":61}},"11":{"start":{"line":54,"column":8},"end":{"line":54,"column":61}},"12":{"start":{"line":60,"column":4},"end":{"line":109,"column":7}},"13":{"start":{"line":61,"column":24},"end":{"line":67,"column":8}},"14":{"start":{"line":70,"column":22},"end":{"line":73,"column":7}},"15":{"start":{"line":75,"column":6},"end":{"line":77,"column":7}},"16":{"start":{"line":76,"column":8},"end":{"line":76,"column":56}},"17":{"start":{"line":79,"column":26},"end":{"line":79,"column":46}},"18":{"start":{"line":81,"column":25},"end":{"line":89,"column":7}},"19":{"start":{"line":91,"column":18},"end":{"line":93,"column":76}},"20":{"start":{"line":96,"column":27},"end":{"line":101,"column":7}},"21":{"start":{"line":102,"column":6},"end":{"line":108,"column":9}},"22":{"start":{"line":103,"column":8},"end":{"line":106,"column":9}},"23":{"start":{"line":104,"column":10},"end":{"line":104,"column":29}},"24":{"start":{"line":105,"column":10},"end":{"line":105,"column":61}},"25":{"start":{"line":107,"column":8},"end":{"line":107,"column":61}},"26":{"start":{"line":112,"column":0},"end":{"line":112,"column":56}}},"fnMap":{"0":{"name":"sendRecoveryEmail","decl":{"start":{"line":6,"column":9},"end":{"line":6,"column":26}},"loc":{"start":{"line":6,"column":53},"end":{"line":57,"column":1}},"line":6},"1":{"name":"(anonymous_1)","decl":{"start":{"line":7,"column":23},"end":{"line":7,"column":24}},"loc":{"start":{"line":7,"column":44},"end":{"line":56,"column":5}},"line":7},"2":{"name":"(anonymous_2)","decl":{"start":{"line":49,"column":41},"end":{"line":49,"column":42}},"loc":{"start":{"line":49,"column":64},"end":{"line":55,"column":7}},"line":49},"3":{"name":"sendInviteEmail","decl":{"start":{"line":59,"column":9},"end":{"line":59,"column":24}},"loc":{"start":{"line":59,"column":56},"end":{"line":110,"column":1}},"line":59},"4":{"name":"(anonymous_4)","decl":{"start":{"line":60,"column":23},"end":{"line":60,"column":24}},"loc":{"start":{"line":60,"column":50},"end":{"line":109,"column":5}},"line":60},"5":{"name":"(anonymous_5)","decl":{"start":{"line":102,"column":41},"end":{"line":102,"column":42}},"loc":{"start":{"line":102,"column":64},"end":{"line":108,"column":7}},"line":102}},"branchMap":{"0":{"loc":{"start":{"line":50,"column":8},"end":{"line":53,"column":9}},"type":"if","locations":[{"start":{"line":50,"column":8},"end":{"line":53,"column":9}},{"start":{},"end":{}}],"line":50},"1":{"loc":{"start":{"line":75,"column":6},"end":{"line":77,"column":7}},"type":"if","locations":[{"start":{"line":75,"column":6},"end":{"line":77,"column":7}},{"start":{},"end":{}}],"line":75},"2":{"loc":{"start":{"line":91,"column":18},"end":{"line":93,"column":76}},"type":"cond-expr","locations":[{"start":{"line":92,"column":10},"end":{"line":92,"column":55}},{"start":{"line":93,"column":10},"end":{"line":93,"column":76}}],"line":91},"3":{"loc":{"start":{"line":103,"column":8},"end":{"line":106,"column":9}},"type":"if","locations":[{"start":{"line":103,"column":8},"end":{"line":106,"column":9}},{"start":{},"end":{}}],"line":103}},"s":{"0":1,"1":1,"2":1,"3":1,"4":0,"5":0,"6":0,"7":0,"8":0,"9":0,"10":0,"11":0,"12":0,"13":0,"14":0,"15":0,"16":0,"17":0,"18":0,"19":0,"20":0,"21":0,"22":0,"23":0,"24":0,"25":0,"26":1},"f":{"0":0,"1":0,"2":0,"3":0,"4":0,"5":0},"b":{"0":[0,0],"1":[0,0],"2":[0,0],"3":[0,0]},"_coverageSchema":"1a1c01bbd47fc00a2c39e90264f33305004495a9","hash":"9e5d5a11a62d2150d8e568d73cf74894f630a795"}
}
