{"C:\\Users\\schac\\OneDrive\\Documents\\Trakr\\Trakr_repo\\server\\controllers\\ticketsController.js": {"path":"C:\\Users\\schac\\OneDrive\\Documents\\Trakr\\Trakr_repo\\server\\controllers\\ticketsController.js","statementMap":{"0":{"start":{"line":1,"column":13},"end":{"line":1,"column":29}},"1":{"start":{"line":3,"column":21},"end":{"line":31,"column":1}},"2":{"start":{"line":4,"column":4},"end":{"line":30,"column":7}},"3":{"start":{"line":5,"column":139},"end":{"line":5,"column":147}},"4":{"start":{"line":6,"column":25},"end":{"line":6,"column":39}},"5":{"start":{"line":8,"column":26},"end":{"line":11,"column":9}},"6":{"start":{"line":14,"column":24},"end":{"line":17,"column":9}},"7":{"start":{"line":19,"column":24},"end":{"line":19,"column":80}},"8":{"start":{"line":19,"column":52},"end":{"line":19,"column":79}},"9":{"start":{"line":20,"column":8},"end":{"line":25,"column":9}},"10":{"start":{"line":21,"column":10},"end":{"line":24,"column":12}},"11":{"start":{"line":27,"column":8},"end":{"line":27,"column":48}},"12":{"start":{"line":29,"column":8},"end":{"line":29,"column":53}},"13":{"start":{"line":33,"column":30},"end":{"line":45,"column":1}},"14":{"start":{"line":34,"column":2},"end":{"line":44,"column":3}},"15":{"start":{"line":35,"column":27},"end":{"line":35,"column":37}},"16":{"start":{"line":36,"column":22},"end":{"line":36,"column":31}},"17":{"start":{"line":37,"column":23},"end":{"line":40,"column":5}},"18":{"start":{"line":41,"column":4},"end":{"line":41,"column":30}},"19":{"start":{"line":43,"column":4},"end":{"line":43,"column":49}},"20":{"start":{"line":47,"column":22},"end":{"line":63,"column":1}},"21":{"start":{"line":48,"column":2},"end":{"line":62,"column":3}},"22":{"start":{"line":49,"column":19},"end":{"line":49,"column":29}},"23":{"start":{"line":50,"column":19},"end":{"line":53,"column":5}},"24":{"start":{"line":54,"column":4},"end":{"line":57,"column":5}},"25":{"start":{"line":55,"column":6},"end":{"line":55,"column":47}},"26":{"start":{"line":56,"column":6},"end":{"line":56,"column":13}},"27":{"start":{"line":59,"column":4},"end":{"line":59,"column":41}},"28":{"start":{"line":61,"column":4},"end":{"line":61,"column":45}},"29":{"start":{"line":65,"column":21},"end":{"line":114,"column":1}},"30":{"start":{"line":66,"column":2},"end":{"line":113,"column":3}},"31":{"start":{"line":67,"column":19},"end":{"line":67,"column":29}},"32":{"start":{"line":68,"column":135},"end":{"line":68,"column":143}},"33":{"start":{"line":71,"column":22},"end":{"line":74,"column":5}},"34":{"start":{"line":76,"column":4},"end":{"line":79,"column":5}},"35":{"start":{"line":77,"column":6},"end":{"line":77,"column":47}},"36":{"start":{"line":78,"column":6},"end":{"line":78,"column":13}},"37":{"start":{"line":81,"column":4},"end":{"line":103,"column":5}},"38":{"start":{"line":83,"column":22},"end":{"line":86,"column":7}},"39":{"start":{"line":88,"column":21},"end":{"line":88,"column":95}},"40":{"start":{"line":88,"column":49},"end":{"line":88,"column":94}},"41":{"start":{"line":89,"column":6},"end":{"line":94,"column":7}},"42":{"start":{"line":90,"column":8},"end":{"line":93,"column":10}},"43":{"start":{"line":96,"column":21},"end":{"line":96,"column":77}},"44":{"start":{"line":96,"column":49},"end":{"line":96,"column":76}},"45":{"start":{"line":97,"column":6},"end":{"line":102,"column":7}},"46":{"start":{"line":98,"column":8},"end":{"line":101,"column":10}},"47":{"start":{"line":105,"column":25},"end":{"line":108,"column":5}},"48":{"start":{"line":110,"column":4},"end":{"line":110,"column":35}},"49":{"start":{"line":112,"column":6},"end":{"line":112,"column":51}},"50":{"start":{"line":117,"column":21},"end":{"line":154,"column":1}},"51":{"start":{"line":118,"column":2},"end":{"line":153,"column":3}},"52":{"start":{"line":119,"column":19},"end":{"line":119,"column":29}},"53":{"start":{"line":122,"column":22},"end":{"line":125,"column":5}},"54":{"start":{"line":127,"column":4},"end":{"line":130,"column":5}},"55":{"start":{"line":128,"column":6},"end":{"line":128,"column":47}},"56":{"start":{"line":129,"column":6},"end":{"line":129,"column":13}},"57":{"start":{"line":133,"column":20},"end":{"line":136,"column":5}},"58":{"start":{"line":138,"column":19},"end":{"line":138,"column":93}},"59":{"start":{"line":138,"column":47},"end":{"line":138,"column":92}},"60":{"start":{"line":139,"column":4},"end":{"line":144,"column":5}},"61":{"start":{"line":140,"column":6},"end":{"line":143,"column":8}},"62":{"start":{"line":146,"column":4},"end":{"line":149,"column":6}},"63":{"start":{"line":150,"column":4},"end":{"line":150,"column":36}},"64":{"start":{"line":152,"column":4},"end":{"line":152,"column":49}},"65":{"start":{"line":156,"column":0},"end":{"line":156,"column":100}}},"fnMap":{"0":{"name":"(anonymous_0)","decl":{"start":{"line":3,"column":21},"end":{"line":3,"column":22}},"loc":{"start":{"line":3,"column":41},"end":{"line":31,"column":1}},"line":3},"1":{"name":"(anonymous_1)","decl":{"start":{"line":19,"column":42},"end":{"line":19,"column":43}},"loc":{"start":{"line":19,"column":52},"end":{"line":19,"column":79}},"line":19},"2":{"name":"(anonymous_2)","decl":{"start":{"line":33,"column":30},"end":{"line":33,"column":31}},"loc":{"start":{"line":33,"column":50},"end":{"line":45,"column":1}},"line":33},"3":{"name":"(anonymous_3)","decl":{"start":{"line":47,"column":22},"end":{"line":47,"column":23}},"loc":{"start":{"line":47,"column":42},"end":{"line":63,"column":1}},"line":47},"4":{"name":"(anonymous_4)","decl":{"start":{"line":65,"column":21},"end":{"line":65,"column":22}},"loc":{"start":{"line":65,"column":41},"end":{"line":114,"column":1}},"line":65},"5":{"name":"(anonymous_5)","decl":{"start":{"line":88,"column":39},"end":{"line":88,"column":40}},"loc":{"start":{"line":88,"column":49},"end":{"line":88,"column":94}},"line":88},"6":{"name":"(anonymous_6)","decl":{"start":{"line":96,"column":39},"end":{"line":96,"column":40}},"loc":{"start":{"line":96,"column":49},"end":{"line":96,"column":76}},"line":96},"7":{"name":"(anonymous_7)","decl":{"start":{"line":117,"column":21},"end":{"line":117,"column":22}},"loc":{"start":{"line":117,"column":41},"end":{"line":154,"column":1}},"line":117},"8":{"name":"(anonymous_8)","decl":{"start":{"line":138,"column":37},"end":{"line":138,"column":38}},"loc":{"start":{"line":138,"column":47},"end":{"line":138,"column":92}},"line":138}},"branchMap":{"0":{"loc":{"start":{"line":20,"column":8},"end":{"line":25,"column":9}},"type":"if","locations":[{"start":{"line":20,"column":8},"end":{"line":25,"column":9}},{"start":{},"end":{}}],"line":20},"1":{"loc":{"start":{"line":54,"column":4},"end":{"line":57,"column":5}},"type":"if","locations":[{"start":{"line":54,"column":4},"end":{"line":57,"column":5}},{"start":{},"end":{}}],"line":54},"2":{"loc":{"start":{"line":76,"column":4},"end":{"line":79,"column":5}},"type":"if","locations":[{"start":{"line":76,"column":4},"end":{"line":79,"column":5}},{"start":{},"end":{}}],"line":76},"3":{"loc":{"start":{"line":81,"column":4},"end":{"line":103,"column":5}},"type":"if","locations":[{"start":{"line":81,"column":4},"end":{"line":103,"column":5}},{"start":{},"end":{}}],"line":81},"4":{"loc":{"start":{"line":89,"column":6},"end":{"line":94,"column":7}},"type":"if","locations":[{"start":{"line":89,"column":6},"end":{"line":94,"column":7}},{"start":{},"end":{}}],"line":89},"5":{"loc":{"start":{"line":97,"column":6},"end":{"line":102,"column":7}},"type":"if","locations":[{"start":{"line":97,"column":6},"end":{"line":102,"column":7}},{"start":{},"end":{}}],"line":97},"6":{"loc":{"start":{"line":127,"column":4},"end":{"line":130,"column":5}},"type":"if","locations":[{"start":{"line":127,"column":4},"end":{"line":130,"column":5}},{"start":{},"end":{}}],"line":127},"7":{"loc":{"start":{"line":139,"column":4},"end":{"line":144,"column":5}},"type":"if","locations":[{"start":{"line":139,"column":4},"end":{"line":144,"column":5}},{"start":{},"end":{}}],"line":139}},"s":{"0":1,"1":1,"2":2,"3":2,"4":2,"5":2,"6":1,"7":1,"8":1,"9":1,"10":1,"11":1,"12":1,"13":1,"14":2,"15":2,"16":2,"17":2,"18":1,"19":1,"20":1,"21":3,"22":3,"23":3,"24":2,"25":1,"26":1,"27":1,"28":1,"29":1,"30":3,"31":3,"32":3,"33":3,"34":2,"35":1,"36":1,"37":1,"38":1,"39":1,"40":1,"41":1,"42":1,"43":1,"44":2,"45":1,"46":1,"47":1,"48":1,"49":2,"50":1,"51":3,"52":3,"53":3,"54":2,"55":1,"56":1,"57":1,"58":1,"59":1,"60":1,"61":1,"62":1,"63":1,"64":1,"65":1},"f":{"0":2,"1":1,"2":2,"3":3,"4":3,"5":1,"6":2,"7":3,"8":1},"b":{"0":[1,0],"1":[1,1],"2":[1,1],"3":[1,0],"4":[1,0],"5":[1,0],"6":[1,1],"7":[1,0]},"_coverageSchema":"1a1c01bbd47fc00a2c39e90264f33305004495a9","hash":"4c23e5f245f7428b59a15cde579a6e921599f844"}
}
