TN:
SF:controllers\ticketsController.js
FN:3,(anonymous_0)
FN:19,(anonymous_1)
FN:33,(anonymous_2)
FN:47,(anonymous_3)
FN:65,(anonymous_4)
FN:88,(anonymous_5)
FN:96,(anonymous_6)
FN:117,(anonymous_7)
FN:138,(anonymous_8)
FNF:9
FNH:9
FNDA:2,(anonymous_0)
FNDA:1,(anonymous_1)
FNDA:2,(anonymous_2)
FNDA:3,(anonymous_3)
FNDA:3,(anonymous_4)
FNDA:1,(anonymous_5)
FNDA:2,(anonymous_6)
FNDA:3,(anonymous_7)
FNDA:1,(anonymous_8)
DA:1,1
DA:3,1
DA:4,2
DA:5,2
DA:6,2
DA:8,2
DA:14,1
DA:19,1
DA:20,1
DA:21,1
DA:27,1
DA:29,1
DA:33,1
DA:34,2
DA:35,2
DA:36,2
DA:37,2
DA:41,1
DA:43,1
DA:47,1
DA:48,3
DA:49,3
DA:50,3
DA:54,2
DA:55,1
DA:56,1
DA:59,1
DA:61,1
DA:65,1
DA:66,3
DA:67,3
DA:68,3
DA:71,3
DA:76,2
DA:77,1
DA:78,1
DA:81,1
DA:83,1
DA:88,1
DA:89,1
DA:90,1
DA:96,2
DA:97,1
DA:98,1
DA:105,1
DA:110,1
DA:112,2
DA:117,1
DA:118,3
DA:119,3
DA:122,3
DA:127,2
DA:128,1
DA:129,1
DA:133,1
DA:138,1
DA:139,1
DA:140,1
DA:146,1
DA:150,1
DA:152,1
DA:156,1
LF:62
LH:62
BRDA:20,0,0,1
BRDA:20,0,1,0
BRDA:54,1,0,1
BRDA:54,1,1,1
BRDA:76,2,0,1
BRDA:76,2,1,1
BRDA:81,3,0,1
BRDA:81,3,1,0
BRDA:89,4,0,1
BRDA:89,4,1,0
BRDA:97,5,0,1
BRDA:97,5,1,0
BRDA:127,6,0,1
BRDA:127,6,1,1
BRDA:139,7,0,1
BRDA:139,7,1,0
BRF:16
BRH:11
end_of_record
