TN:
SF:controllers\epicsController.js
FN:3,(anonymous_0)
FN:46,(anonymous_1)
FN:72,(anonymous_2)
FN:109,(anonymous_3)
FNF:4
FNH:4
FNDA:4,(anonymous_0)
FNDA:3,(anonymous_1)
FNDA:4,(anonymous_2)
FNDA:3,(anonymous_3)
DA:1,1
DA:3,1
DA:4,4
DA:5,4
DA:7,4
DA:9,4
DA:14,3
DA:15,1
DA:16,1
DA:20,2
DA:25,2
DA:26,1
DA:27,1
DA:30,1
DA:35,1
DA:36,0
DA:37,0
DA:40,1
DA:42,1
DA:46,1
DA:47,3
DA:48,3
DA:49,3
DA:52,3
DA:57,2
DA:58,1
DA:59,1
DA:62,1
DA:66,1
DA:68,1
DA:72,1
DA:73,4
DA:74,4
DA:75,4
DA:78,4
DA:83,3
DA:84,1
DA:85,1
DA:89,2
DA:94,2
DA:95,1
DA:96,1
DA:99,1
DA:103,1
DA:105,1
DA:109,1
DA:110,3
DA:111,3
DA:112,3
DA:115,3
DA:120,2
DA:121,1
DA:122,1
DA:125,1
DA:129,1
DA:131,1
DA:135,1
LF:57
LH:55
BRDA:14,0,0,1
BRDA:14,0,1,2
BRDA:25,1,0,1
BRDA:25,1,1,1
BRDA:35,2,0,0
BRDA:35,2,1,1
BRDA:57,3,0,1
BRDA:57,3,1,1
BRDA:83,4,0,1
BRDA:83,4,1,2
BRDA:94,5,0,1
BRDA:94,5,1,1
BRDA:120,6,0,1
BRDA:120,6,1,1
BRF:14
BRH:13
end_of_record
TN:
SF:controllers\projectsController.js
FN:5,(anonymous_0)
FN:35,(anonymous_1)
FN:49,(anonymous_2)
FN:67,(anonymous_3)
FN:113,(anonymous_4)
FN:149,(anonymous_5)
FN:166,(anonymous_6)
FN:183,(anonymous_7)
FN:199,(anonymous_8)
FN:225,(anonymous_9)
FN:264,(anonymous_10)
FN:265,(anonymous_11)
FN:271,(anonymous_12)
FN:274,(anonymous_13)
FNF:14
FNH:6
FNDA:3,(anonymous_0)
FNDA:2,(anonymous_1)
FNDA:3,(anonymous_2)
FNDA:3,(anonymous_3)
FNDA:3,(anonymous_4)
FNDA:1,(anonymous_5)
FNDA:0,(anonymous_6)
FNDA:0,(anonymous_7)
FNDA:0,(anonymous_8)
FNDA:0,(anonymous_9)
FNDA:0,(anonymous_10)
FNDA:0,(anonymous_11)
FNDA:0,(anonymous_12)
FNDA:0,(anonymous_13)
DA:1,1
DA:2,1
DA:3,1
DA:5,1
DA:6,3
DA:7,3
DA:8,3
DA:9,3
DA:12,3
DA:16,2
DA:17,1
DA:18,1
DA:22,1
DA:27,1
DA:29,1
DA:32,2
DA:35,1
DA:36,2
DA:37,2
DA:39,2
DA:43,1
DA:45,1
DA:49,1
DA:50,3
DA:51,3
DA:52,3
DA:53,3
DA:57,2
DA:58,1
DA:59,1
DA:61,1
DA:63,1
DA:67,1
DA:68,3
DA:69,3
DA:70,2
DA:73,2
DA:78,2
DA:83,2
DA:85,1
DA:87,1
DA:88,1
DA:90,1
DA:91,1
DA:92,1
DA:93,1
DA:94,1
DA:96,1
DA:98,0
DA:99,0
DA:101,1
DA:104,1
DA:106,1
DA:109,1
DA:113,1
DA:114,3
DA:115,3
DA:116,3
DA:119,3
DA:124,2
DA:125,1
DA:126,1
DA:132,1
DA:138,1
DA:144,1
DA:149,1
DA:150,1
DA:151,0
DA:157,1
DA:159,1
DA:162,1
DA:166,1
DA:167,0
DA:168,0
DA:169,0
DA:172,0
DA:177,0
DA:179,0
DA:181,0
DA:183,0
DA:187,0
DA:192,0
DA:193,0
DA:194,0
DA:197,0
DA:199,0
DA:203,0
DA:207,0
DA:208,0
DA:213,0
DA:215,0
DA:218,0
DA:221,0
DA:225,1
DA:226,0
DA:227,0
DA:228,0
DA:231,0
DA:235,0
DA:236,0
DA:237,0
DA:241,0
DA:242,0
DA:243,0
DA:247,0
DA:248,0
DA:249,0
DA:253,0
DA:257,0
DA:258,0
DA:259,0
DA:263,0
DA:264,0
DA:265,0
DA:267,0
DA:271,1
DA:272,0
DA:273,0
DA:274,0
DA:275,0
DA:276,0
DA:277,0
DA:280,0
DA:283,0
DA:287,0
DA:288,0
DA:289,0
DA:293,0
DA:294,0
DA:295,0
DA:299,0
DA:305,0
DA:309,0
DA:310,0
DA:311,0
DA:314,0
DA:319,0
DA:323,0
DA:327,1
LF:139
LH:72
BRDA:16,0,0,1
BRDA:16,0,1,1
BRDA:57,1,0,1
BRDA:57,1,1,1
BRDA:83,2,0,1
BRDA:83,2,1,1
BRDA:124,3,0,1
BRDA:124,3,1,1
BRDA:150,4,0,0
BRDA:150,4,1,1
BRDA:177,5,0,0
BRDA:177,5,1,0
BRDA:179,6,0,0
BRDA:179,6,1,0
BRDA:192,7,0,0
BRDA:192,7,1,0
BRDA:207,8,0,0
BRDA:207,8,1,0
BRDA:235,9,0,0
BRDA:235,9,1,0
BRDA:241,10,0,0
BRDA:241,10,1,0
BRDA:247,11,0,0
BRDA:247,11,1,0
BRDA:257,12,0,0
BRDA:257,12,1,0
BRDA:275,13,0,0
BRDA:275,13,1,0
BRDA:287,14,0,0
BRDA:287,14,1,0
BRDA:293,15,0,0
BRDA:293,15,1,0
BRDA:309,16,0,0
BRDA:309,16,1,0
BRF:34
BRH:9
end_of_record
TN:
SF:controllers\ticketsController.js
FN:3,(anonymous_0)
FN:19,(anonymous_1)
FN:33,(anonymous_2)
FN:47,(anonymous_3)
FN:65,(anonymous_4)
FN:88,(anonymous_5)
FN:96,(anonymous_6)
FN:117,(anonymous_7)
FN:138,(anonymous_8)
FNF:9
FNH:9
FNDA:2,(anonymous_0)
FNDA:1,(anonymous_1)
FNDA:2,(anonymous_2)
FNDA:3,(anonymous_3)
FNDA:3,(anonymous_4)
FNDA:1,(anonymous_5)
FNDA:2,(anonymous_6)
FNDA:3,(anonymous_7)
FNDA:1,(anonymous_8)
DA:1,1
DA:3,1
DA:4,2
DA:5,2
DA:6,2
DA:8,2
DA:14,1
DA:19,1
DA:20,1
DA:21,1
DA:27,1
DA:29,1
DA:33,1
DA:34,2
DA:35,2
DA:36,2
DA:37,2
DA:41,1
DA:43,1
DA:47,1
DA:48,3
DA:49,3
DA:50,3
DA:54,2
DA:55,1
DA:56,1
DA:59,1
DA:61,1
DA:65,1
DA:66,3
DA:67,3
DA:68,3
DA:71,3
DA:76,2
DA:77,1
DA:78,1
DA:81,1
DA:83,1
DA:88,1
DA:89,1
DA:90,1
DA:96,2
DA:97,1
DA:98,1
DA:105,1
DA:110,1
DA:112,2
DA:117,1
DA:118,3
DA:119,3
DA:122,3
DA:127,2
DA:128,1
DA:129,1
DA:133,1
DA:138,1
DA:139,1
DA:140,1
DA:146,1
DA:150,1
DA:152,1
DA:156,1
LF:62
LH:62
BRDA:20,0,0,1
BRDA:20,0,1,0
BRDA:54,1,0,1
BRDA:54,1,1,1
BRDA:76,2,0,1
BRDA:76,2,1,1
BRDA:81,3,0,1
BRDA:81,3,1,0
BRDA:89,4,0,1
BRDA:89,4,1,0
BRDA:97,5,0,1
BRDA:97,5,1,0
BRDA:127,6,0,1
BRDA:127,6,1,1
BRDA:139,7,0,1
BRDA:139,7,1,0
BRF:16
BRH:11
end_of_record
TN:
SF:utils\email.js
FN:6,sendRecoveryEmail
FN:7,(anonymous_1)
FN:49,(anonymous_2)
FN:59,sendInviteEmail
FN:60,(anonymous_4)
FN:102,(anonymous_5)
FNF:6
FNH:0
FNDA:0,sendRecoveryEmail
FNDA:0,(anonymous_1)
FNDA:0,(anonymous_2)
FNDA:0,sendInviteEmail
FNDA:0,(anonymous_4)
FNDA:0,(anonymous_5)
DA:1,1
DA:2,1
DA:3,1
DA:4,1
DA:7,0
DA:8,0
DA:17,0
DA:49,0
DA:50,0
DA:51,0
DA:52,0
DA:54,0
DA:60,0
DA:61,0
DA:70,0
DA:75,0
DA:76,0
DA:79,0
DA:81,0
DA:91,0
DA:96,0
DA:102,0
DA:103,0
DA:104,0
DA:105,0
DA:107,0
DA:112,1
LF:27
LH:5
BRDA:50,0,0,0
BRDA:50,0,1,0
BRDA:75,1,0,0
BRDA:75,1,1,0
BRDA:91,2,0,0
BRDA:91,2,1,0
BRDA:103,3,0,0
BRDA:103,3,1,0
BRF:8
BRH:0
end_of_record
